2026-03-01 15:17:09,920 - FileSystemWatcher - INFO - Starting FileSystemWatcher
2026-03-01 15:17:09,921 - FileSystemWatcher - INFO - Vault path: C:\Users\user\Documents\GitHub\ZA-Personal-AI-Employee-FTEs\AI_Employee_Vault
2026-03-01 15:17:09,923 - FileSystemWatcher - INFO - Check interval: 30 seconds
2026-03-01 15:17:09,926 - FileSystemWatcher - INFO - Found 0 new items
2026-03-01 15:17:39,930 - FileSystemWatcher - INFO - Found 0 new items
2026-03-01 15:18:09,931 - FileSystemWatcher - INFO - Found 0 new items
2026-03-01 15:18:39,932 - FileSystemWatcher - INFO - Found 0 new items
2026-03-01 15:19:09,935 - FileSystemWatcher - INFO - Found 0 new items
2026-03-01 15:19:39,937 - FileSystemWatcher - INFO - Found 0 new items
2026-03-01 15:20:09,939 - FileSystemWatcher - INFO - Found 0 new items
2026-03-01 15:20:39,941 - FileSystemWatcher - INFO - Found 0 new items
2026-03-01 15:21:09,943 - FileSystemWatcher - INFO - Found 0 new items
2026-03-01 15:21:39,946 - FileSystemWatcher - INFO - Found 0 new items
2026-03-01 15:22:09,948 - FileSystemWatcher - INFO - Found 0 new items
2026-03-01 15:23:58,025 - FileSystemWatcher - INFO - FileSystemWatcher stopped by user
2026-03-01 15:24:03,448 - FileSystemWatcher - INFO - Known file: test-file.md
2026-03-01 15:24:03,448 - FileSystemWatcher - INFO - Starting FileSystemWatcher
2026-03-01 15:24:03,451 - FileSystemWatcher - INFO - Vault path: C:\Users\user\Documents\GitHub\ZA-Personal-AI-Employee-FTEs\AI_Employee_Vault
2026-03-01 15:24:03,451 - FileSystemWatcher - INFO - Check interval: 30 seconds
2026-03-01 15:24:03,453 - FileSystemWatcher - INFO - Found 0 new items
2026-03-01 15:24:33,457 - FileSystemWatcher - INFO - Found 0 new items
2026-03-01 15:31:18,181 - FileSystemWatcher - INFO - Known file: test-file.md
2026-03-01 15:31:18,182 - FileSystemWatcher - INFO - Starting FileSystemWatcher
2026-03-01 15:31:18,182 - FileSystemWatcher - INFO - Vault path: C:\Users\user\Documents\GitHub\ZA-Personal-AI-Employee-FTEs\AI_Employee_Vault
2026-03-01 15:31:18,182 - FileSystemWatcher - INFO - Check interval: 30 seconds
2026-03-01 15:31:18,183 - FileSystemWatcher - INFO - Found 0 new items
2026-03-01 15:31:48,184 - FileSystemWatcher - INFO - Found 0 new items
2026-03-01 15:32:18,186 - FileSystemWatcher - INFO - Found 0 new items
2026-03-01 15:32:48,189 - FileSystemWatcher - INFO - Found 0 new items
2026-03-01 15:33:18,191 - FileSystemWatcher - INFO - Found 0 new items
2026-03-01 15:33:48,192 - FileSystemWatcher - INFO - Found 0 new items
2026-03-01 15:34:18,194 - FileSystemWatcher - INFO - Found 0 new items
2026-03-01 15:34:48,197 - FileSystemWatcher - INFO - Found 0 new items
2026-03-01 15:35:18,200 - FileSystemWatcher - INFO - Found 0 new items
2026-03-01 15:35:48,204 - FileSystemWatcher - INFO - Found 0 new items
