2026-03-02 14:03:49,938 - FileSystemWatcher - INFO - Starting FileSystemWatcher
2026-03-02 14:03:49,939 - FileSystemWatcher - INFO - Vault path: AI_Employee_Vault
2026-03-02 14:03:49,939 - FileSystemWatcher - INFO - Check interval: 30 seconds
2026-03-02 14:03:49,939 - FileSystemWatcher - INFO - Found 0 new items
2026-03-02 14:04:19,943 - FileSystemWatcher - INFO - New file detected: test_document.txt
2026-03-02 14:04:19,944 - FileSystemWatcher - INFO - Found 1 new items
2026-03-02 14:04:19,949 - FileSystemWatcher - INFO - Created action file: FILE_test_document_.txt.md
2026-03-02 14:04:19,950 - FileSystemWatcher - INFO - Created action file: FILE_test_document_.txt.md
2026-03-02 14:04:49,952 - FileSystemWatcher - INFO - Found 0 new items
2026-03-02 14:05:19,954 - FileSystemWatcher - INFO - Found 0 new items
2026-03-02 14:05:49,955 - FileSystemWatcher - INFO - Found 0 new items
2026-03-02 14:06:19,957 - FileSystemWatcher - INFO - Found 0 new items
2026-03-02 14:06:49,960 - FileSystemWatcher - INFO - Found 0 new items
2026-03-02 14:07:19,962 - FileSystemWatcher - INFO - Found 0 new items
2026-03-02 14:07:49,964 - FileSystemWatcher - INFO - Found 0 new items
2026-03-02 14:08:19,965 - FileSystemWatcher - INFO - Found 0 new items
2026-03-02 14:08:49,967 - FileSystemWatcher - INFO - Found 0 new items
2026-03-02 14:09:19,969 - FileSystemWatcher - INFO - Found 0 new items
2026-03-02 14:09:49,972 - FileSystemWatcher - INFO - Found 0 new items
2026-03-02 14:10:19,975 - FileSystemWatcher - INFO - Found 0 new items
2026-03-02 14:10:49,978 - FileSystemWatcher - INFO - Found 0 new items
2026-03-02 14:11:19,980 - FileSystemWatcher - INFO - Found 0 new items
2026-03-02 14:11:49,983 - FileSystemWatcher - INFO - Found 0 new items
2026-03-02 14:12:19,986 - FileSystemWatcher - INFO - Found 0 new items
2026-03-02 14:12:49,988 - FileSystemWatcher - INFO - Found 0 new items
2026-03-02 14:13:19,991 - FileSystemWatcher - INFO - Found 0 new items
2026-03-02 14:13:49,994 - FileSystemWatcher - INFO - Found 0 new items
2026-03-02 14:14:19,995 - FileSystemWatcher - INFO - Found 0 new items
2026-03-02 14:14:49,996 - FileSystemWatcher - INFO - Found 0 new items
2026-03-02 14:15:19,998 - FileSystemWatcher - INFO - Found 0 new items
2026-03-02 14:15:50,002 - FileSystemWatcher - INFO - Found 0 new items
2026-03-02 14:16:20,004 - FileSystemWatcher - INFO - Found 0 new items
2026-03-02 14:16:50,007 - FileSystemWatcher - INFO - Found 0 new items
2026-03-02 14:17:01,473 - FileSystemWatcher - INFO - Starting FileSystemWatcher
2026-03-02 14:17:01,473 - FileSystemWatcher - INFO - Vault path: AI_Employee_Vault
2026-03-02 14:17:01,473 - FileSystemWatcher - INFO - Check interval: 30 seconds
2026-03-02 14:17:01,474 - FileSystemWatcher - INFO - Found 0 new items
2026-03-02 14:17:20,008 - FileSystemWatcher - INFO - Found 0 new items
2026-03-02 14:17:31,475 - FileSystemWatcher - INFO - Found 0 new items
2026-03-02 14:17:50,010 - FileSystemWatcher - INFO - Found 0 new items
2026-03-02 14:18:01,477 - FileSystemWatcher - INFO - Found 0 new items
2026-03-02 14:18:20,012 - FileSystemWatcher - INFO - Found 0 new items
2026-03-02 14:18:31,479 - FileSystemWatcher - INFO - Found 0 new items
2026-03-02 14:18:50,013 - FileSystemWatcher - INFO - Found 0 new items
2026-03-02 14:19:01,481 - FileSystemWatcher - INFO - Found 0 new items
2026-03-02 14:19:20,015 - FileSystemWatcher - INFO - Found 0 new items
2026-03-02 14:19:31,482 - FileSystemWatcher - INFO - Found 0 new items
2026-03-02 14:29:27,492 - FileSystemWatcher - INFO - New file detected: test_invoice.pdf
2026-03-02 14:29:27,494 - FileSystemWatcher - INFO - Created action file: FILE_test_invoice_.pdf.md
2026-03-02 14:31:21,563 - FileSystemWatcher - INFO - New file detected: test_invoice.pdf
2026-03-02 14:31:21,565 - FileSystemWatcher - INFO - Created action file: FILE_test_invoice_.pdf.md
2026-03-02 14:31:21,593 - Orchestrator - INFO - Dashboard updated
2026-03-02 16:47:09,801 - FileSystemWatcher - INFO - Known file: test_invoice.pdf
2026-03-02 16:47:09,802 - FileSystemWatcher - INFO - Starting FileSystemWatcher
2026-03-02 16:47:09,803 - FileSystemWatcher - INFO - Vault path: C:\Users\user\Documents\GitHub\ZA-Personal-AI-Employee-FTEs\AI_Employee_Vault
2026-03-02 16:47:09,803 - FileSystemWatcher - INFO - Check interval: 30 seconds
2026-03-02 16:47:09,803 - FileSystemWatcher - INFO - Found 0 new items
2026-03-02 16:47:21,229 - FileSystemWatcher - INFO - FileSystemWatcher stopped by user
